This is pdfTeX, Version 3.141592653-2.6-1.40.22 (TeX Live 2022/dev/Debian) (preloaded format=pdflatex 2022.12.7)  19 DEC 2022 09:58
entering extended mode
 restricted \write18 enabled.
 %&-line parsing enabled.
**Section5
(./Section5.tex
LaTeX2e <2021-11-15> patch level 1
L3 programming layer <2022-01-21>
(/usr/share/texlive/texmf-dist/tex/latex/base/article.cls
Document Class: article 2021/10/04 v1.4n Standard LaTeX document class
(/usr/share/texlive/texmf-dist/tex/latex/base/size10.clo
File: size10.clo 2021/10/04 v1.4n Standard LaTeX file (size option)
)
\c@part=\count185
\c@section=\count186
\c@subsection=\count187
\c@subsubsection=\count188
\c@paragraph=\count189
\c@subparagraph=\count190
\c@figure=\count191
\c@table=\count192
\abovecaptionskip=\skip47
\belowcaptionskip=\skip48
\bibindent=\dimen138
)
(/usr/share/texlive/texmf-dist/tex/latex/l3backend/l3backend-pdftex.def
File: l3backend-pdftex.def 2022-01-12 L3 backend support: PDF output (pdfTeX)
\l__color_backend_stack_int=\count193
\l__pdf_internal_box=\box50
)
(./Section5.aux)
\openout1 = `Section5.aux'.

LaTeX Font Info:    Checking defaults for OML/cmm/m/it on input line 5.
LaTeX Font Info:    ... okay on input line 5.
LaTeX Font Info:    Checking defaults for OMS/cmsy/m/n on input line 5.
LaTeX Font Info:    ... okay on input line 5.
LaTeX Font Info:    Checking defaults for OT1/cmr/m/n on input line 5.
LaTeX Font Info:    ... okay on input line 5.
LaTeX Font Info:    Checking defaults for T1/cmr/m/n on input line 5.
LaTeX Font Info:    ... okay on input line 5.
LaTeX Font Info:    Checking defaults for TS1/cmr/m/n on input line 5.
LaTeX Font Info:    ... okay on input line 5.
LaTeX Font Info:    Checking defaults for OMX/cmex/m/n on input line 5.
LaTeX Font Info:    ... okay on input line 5.
LaTeX Font Info:    Checking defaults for U/cmr/m/n on input line 5.
LaTeX Font Info:    ... okay on input line 5.


LaTeX Warning: Citation `MaCurdy1981-iy' on page 1 undefined on input line 8.


LaTeX Warning: Citation `Altonji1986-zf' on page 1 undefined on input line 8.


LaTeX Warning: Citation `Shaw1989-jb' on page 1 undefined on input line 8.

LaTeX Font Info:    External font `cmex10' loaded for size
(Font)              <7> on input line 9.
LaTeX Font Info:    External font `cmex10' loaded for size
(Font)              <5> on input line 9.
LaTeX Font Info:    External font `cmex10' loaded for size
(Font)              <8> on input line 9.
LaTeX Font Info:    External font `cmex10' loaded for size
(Font)              <6> on input line 9.
! Undefined control sequence.
<argument> ...psilon _{1,t+1}$ in Equation \eqref 
                                                  {eq:HCevolution}), then pe...
l.9 ...el, but they discretize the hours choices.}
                                                   Also, we censor anybody w...

? 

LaTeX Warning: Citation `MaCurdy1981-iy' on page 1 undefined on input line 9.


LaTeX Warning: Citation `Altonji1986-zf' on page 1 undefined on input line 9.


LaTeX Warning: Citation `Shaw1989-jb' on page 1 undefined on input line 9.


LaTeX Warning: Citation `Keane2001-yk' on page 1 undefined on input line 9.

! Undefined control sequence.
l.9 ... in the military from the sample. \hyperref
                                                  [appendixA3]{Appendix A.3}...

? 
(../Tables/Table1.tex
! Undefined control sequence.
l.12  \hypertarget
                  {MeanAgeProfiles}{}
? 
! Undefined control sequence.
<recently read> \csvreader 
                           
l.22 \csvreader
               [head to column names]{./Data/Table1data.csv}{}{ %
? 
! Missing } inserted.
<inserted text> 
                }
l.23 \\\Age
            & \HourlyWage\ (\HourlyWageSampleSize) & \Hours\ (\HoursSampleSi...

? 
! Undefined control sequence.
<recently read> \Age 
                     
l.23 \\\Age
            & \HourlyWage\ (\HourlyWageSampleSize) & \Hours\ (\HoursSampleSi...

? 
! Undefined control sequence.
l.23 \\\Age & \HourlyWage
                         \ (\HourlyWageSampleSize) & \Hours\ (\HoursSampleSi...

? 
! Undefined control sequence.
l.23 \\\Age & \HourlyWage\ (\HourlyWageSampleSize
                                                 ) & \Hours\ (\HoursSampleSi...

? 
! Undefined control sequence.
l.23 ...urlyWage\ (\HourlyWageSampleSize) & \Hours
                                                  \ (\HoursSampleSize) & \To...

? 
! Undefined control sequence.
l.23 ...ageSampleSize) & \Hours\ (\HoursSampleSize
                                                  ) & \TotalWealth\ (\TotalW...

? 
! Undefined control sequence.
l.23 ... \Hours\ (\HoursSampleSize) & \TotalWealth
                                                  \ (\TotalWealthSampleSize)}
? 
! Undefined control sequence.
l.23 ...e) & \TotalWealth\ (\TotalWealthSampleSize
                                                  )}
? 
! Missing { inserted.
<inserted text> 
                {
l.41 \\ \hline
              
? 

Overfull \hbox (46.973pt too wide) in paragraph at lines 18--44
 [][] 
 []

)

LaTeX Warning: Reference `tab:QuantileAgeProfiles' on page 1 undefined on input
 line 12.


LaTeX Warning: Citation `Keane2001-yk' on page 1 undefined on input line 12.

[1

{/var/lib/texmf/fonts/map/pdftex/updmap/pdftex.map}] (../Tables/Table3.tex
! Undefined control sequence.
l.11   \hypertarget
                   {AfterCensoring}{}
? 
! Undefined control sequence.
<recently read> \csvreader 
                           
l.20 \csvreader
               [head to column names]{\DataDir/Table3data.csv}{}{
? 
! Undefined control sequence.
l.20 \csvreader[head to column names]{\DataDir
                                              /Table3data.csv}{}{
? 
! Missing } inserted.
<inserted text> 
                }
l.21  \\\Age
             & \MeanWage & \SampleSizeWage & \MeanHours & \SampleSizeHours &...

? 
! Undefined control sequence.
<recently read> \Age 
                     
l.21  \\\Age
             & \MeanWage & \SampleSizeWage & \MeanHours & \SampleSizeHours &...

? 
! Undefined control sequence.
l.21  \\\Age & \MeanWage
                         & \SampleSizeWage & \MeanHours & \SampleSizeHours &...

? 
! Undefined control sequence.
l.21  \\\Age & \MeanWage & \SampleSizeWage
                                           & \MeanHours & \SampleSizeHours &...

?   C-c C-c
Type <return> to proceed, S to scroll future error messages,
R to run without stopping, Q to run quietly,
I to insert something, E to edit your file,
1 or ... or 9 to ignore the next 1 to 9 tokens of input,
H for help, X to quit.
? X
 
Here is how much of TeX's memory you used:
 444 strings out of 478287
 7992 string characters out of 5849289
 308514 words of memory out of 5000000
 18708 multiletter control sequences out of 15000+600000
 472304 words of font info for 38 fonts, out of 8000000 for 9000
 1141 hyphenation exceptions out of 8191
 34i,10n,38p,2455b,266s stack positions out of 5000i,500n,10000p,200000b,80000s
</usr/share/texlive/texmf-dist/fonts/type1/public/amsfonts/cm/cmbx10.pfb></usr/
share/texlive/texmf-dist/fonts/type1/public/amsfonts/cm/cmbx12.pfb></usr/share/
texlive/texmf-dist/fonts/type1/public/amsfonts/cm/cmbx8.pfb></usr/share/texlive
/texmf-dist/fonts/type1/public/amsfonts/cm/cmmi6.pfb></usr/share/texlive/texmf-
dist/fonts/type1/public/amsfonts/cm/cmmi8.pfb></usr/share/texlive/texmf-dist/fo
nts/type1/public/amsfonts/cm/cmr10.pfb></usr/share/texlive/texmf-dist/fonts/typ
e1/public/amsfonts/cm/cmr6.pfb></usr/share/texlive/texmf-dist/fonts/type1/publi
c/amsfonts/cm/cmr7.pfb></usr/share/texlive/texmf-dist/fonts/type1/public/amsfon
ts/cm/cmr8.pfb>
Output written on Section5.pdf (1 page, 101650 bytes).
PDF statistics:
 53 PDF objects out of 1000 (max. 8388607)
 31 compressed objects within 1 object stream
 0 named destinations out of 1000 (max. 500000)
 1 words of extra memory for PDF output out of 10000 (max. 10000000)

